  Main.cpp
Main.cpp(129): warning C4244: '=': conversion from 'double' to 'float', possible loss of data
Main.cpp(131): warning C4244: '=': conversion from 'double' to 'float', possible loss of data
Main.cpp(269): warning C4244: '=': conversion from 'double' to 'float', possible loss of data
Main.cpp(270): warning C4244: '=': conversion from 'double' to 'float', possible loss of data
Main.cpp(282): warning C4244: '=': conversion from 'double' to 'float', possible loss of data
Main.cpp(283): warning C4244: '=': conversion from 'double' to 'float', possible loss of data
Main.cpp(1252): warning C4996: 'sprintf': This function or variable may be unsafe. Consider using sprintf_s instead. To disable deprecation, use _CRT_SECURE_NO_WARNINGS. See online help for details.
  C:\Program Files (x86)\Windows Kits\10\Include\10.0.10240.0\ucrt\stdio.h(1769): note: see declaration of 'sprintf'
Main.cpp(1266): warning C4244: 'argument': conversion from 'float' to 'GLsizei', possible loss of data
Main.cpp(1266): warning C4244: 'argument': conversion from 'float' to 'GLint', possible loss of data
Main.cpp(1273): warning C4244: 'argument': conversion from 'float' to 'GLsizei', possible loss of data
Main.cpp(1273): warning C4244: 'argument': conversion from 'float' to 'GLint', possible loss of data
Main.cpp(1280): warning C4244: 'argument': conversion from 'float' to 'GLsizei', possible loss of data
Main.cpp(1287): warning C4244: 'argument': conversion from 'float' to 'GLsizei', possible loss of data
Main.cpp(1287): warning C4244: 'argument': conversion from 'float' to 'GLint', possible loss of data
Main.cpp(1478): warning C4838: conversion from 'int' to 'BYTE' requires a narrowing conversion
Main.cpp(1762): warning C4244: '=': conversion from 'double' to 'float', possible loss of data
Main.cpp(1763): warning C4244: '=': conversion from 'double' to 'float', possible loss of data
  OGL_CodigoBase.vcxproj -> C:\Users\ivanf\OneDrive\Documentos\Computacion_Grafica\Laboratorio\Practicas\Release\OGL_CodigoBase.exe
